{"/Users/vishnuarjun/Documents/Internships/American Elite Market/index.js": {"path":"/Users/vishnuarjun/Documents/Internships/American Elite Market/index.js","statementMap":{"0":{"start":{"line":8,"column":0},"end":{"line":8,"column":16}},"1":{"start":{"line":10,"column":12},"end":{"line":10,"column":21}},"2":{"start":{"line":11,"column":15},"end":{"line":11,"column":32}},"3":{"start":{"line":13,"column":0},"end":{"line":13,"column":24}},"4":{"start":{"line":14,"column":0},"end":{"line":14,"column":24}},"5":{"start":{"line":16,"column":0},"end":{"line":22,"column":3}},"6":{"start":{"line":17,"column":2},"end":{"line":21,"column":3}},"7":{"start":{"line":18,"column":4},"end":{"line":18,"column":51}},"8":{"start":{"line":20,"column":4},"end":{"line":20,"column":53}},"9":{"start":{"line":24,"column":0},"end":{"line":24,"column":34}},"10":{"start":{"line":25,"column":0},"end":{"line":25,"column":34}},"11":{"start":{"line":26,"column":0},"end":{"line":26,"column":42}}},"fnMap":{"0":{"name":"(anonymous_0)","decl":{"start":{"line":16,"column":13},"end":{"line":16,"column":14}},"loc":{"start":{"line":16,"column":27},"end":{"line":22,"column":1}},"line":16}},"branchMap":{},"s":{"0":3,"1":3,"2":3,"3":3,"4":3,"5":3,"6":0,"7":0,"8":0,"9":3,"10":3,"11":3},"f":{"0":0},"b":{},"_coverageSchema":"1a1c01bbd47fc00a2c39e90264f33305004495a9","hash":"37a34c78d8a7230ac64b8920d06bfbfac2f5146c"}
,"/Users/vishnuarjun/Documents/Internships/American Elite Market/controllers/follower.controller.js": {"path":"/Users/vishnuarjun/Documents/Internships/American Elite Market/controllers/follower.controller.js","statementMap":{"0":{"start":{"line":5,"column":39},"end":{"line":15,"column":1}},"1":{"start":{"line":6,"column":2},"end":{"line":14,"column":3}},"2":{"start":{"line":8,"column":30},"end":{"line":8,"column":67}},"3":{"start":{"line":9,"column":4},"end":{"line":11,"column":5}},"4":{"start":{"line":10,"column":18},"end":{"line":10,"column":54}},"5":{"start":{"line":13,"column":24},"end":{"line":13,"column":79}},"6":{"start":{"line":17,"column":22},"end":{"line":65,"column":1}},"7":{"start":{"line":18,"column":2},"end":{"line":64,"column":3}},"8":{"start":{"line":19,"column":19},"end":{"line":19,"column":36}},"9":{"start":{"line":20,"column":21},"end":{"line":20,"column":38}},"10":{"start":{"line":22,"column":4},"end":{"line":25,"column":7}},"11":{"start":{"line":27,"column":27},"end":{"line":27,"column":68}},"12":{"start":{"line":28,"column":4},"end":{"line":36,"column":5}},"13":{"start":{"line":33,"column":6},"end":{"line":35,"column":61}},"14":{"start":{"line":38,"column":21},"end":{"line":45,"column":5}},"15":{"start":{"line":47,"column":23},"end":{"line":54,"column":5}},"16":{"start":{"line":56,"column":4},"end":{"line":60,"column":7}},"17":{"start":{"line":62,"column":24},"end":{"line":62,"column":79}},"18":{"start":{"line":63,"column":4},"end":{"line":63,"column":76}},"19":{"start":{"line":67,"column":24},"end":{"line":108,"column":1}},"20":{"start":{"line":68,"column":2},"end":{"line":107,"column":3}},"21":{"start":{"line":69,"column":19},"end":{"line":69,"column":36}},"22":{"start":{"line":70,"column":23},"end":{"line":70,"column":42}},"23":{"start":{"line":72,"column":27},"end":{"line":72,"column":68}},"24":{"start":{"line":75,"column":4},"end":{"line":80,"column":5}},"25":{"start":{"line":76,"column":6},"end":{"line":79,"column":9}},"26":{"start":{"line":82,"column":21},"end":{"line":89,"column":5}},"27":{"start":{"line":91,"column":23},"end":{"line":98,"column":5}},"28":{"start":{"line":100,"column":4},"end":{"line":103,"column":7}},"29":{"start":{"line":105,"column":24},"end":{"line":105,"column":81}},"30":{"start":{"line":106,"column":4},"end":{"line":106,"column":76}},"31":{"start":{"line":110,"column":24},"end":{"line":145,"column":1}},"32":{"start":{"line":111,"column":2},"end":{"line":144,"column":3}},"33":{"start":{"line":112,"column":19},"end":{"line":112,"column":34}},"34":{"start":{"line":113,"column":19},"end":{"line":113,"column":36}},"35":{"start":{"line":116,"column":17},"end":{"line":116,"column":52}},"36":{"start":{"line":117,"column":4},"end":{"line":119,"column":5}},"37":{"start":{"line":118,"column":6},"end":{"line":118,"column":78}},"38":{"start":{"line":122,"column":4},"end":{"line":126,"column":5}},"39":{"start":{"line":123,"column":6},"end":{"line":125,"column":66}},"40":{"start":{"line":129,"column":24},"end":{"line":135,"column":5}},"41":{"start":{"line":137,"column":4},"end":{"line":140,"column":7}},"42":{"start":{"line":142,"column":24},"end":{"line":142,"column":81}},"43":{"start":{"line":143,"column":4},"end":{"line":143,"column":76}},"44":{"start":{"line":147,"column":26},"end":{"line":182,"column":1}},"45":{"start":{"line":148,"column":2},"end":{"line":181,"column":3}},"46":{"start":{"line":149,"column":19},"end":{"line":149,"column":34}},"47":{"start":{"line":150,"column":19},"end":{"line":150,"column":36}},"48":{"start":{"line":153,"column":17},"end":{"line":153,"column":44}},"49":{"start":{"line":154,"column":4},"end":{"line":156,"column":5}},"50":{"start":{"line":155,"column":6},"end":{"line":155,"column":78}},"51":{"start":{"line":159,"column":4},"end":{"line":163,"column":5}},"52":{"start":{"line":160,"column":6},"end":{"line":162,"column":64}},"53":{"start":{"line":166,"column":24},"end":{"line":172,"column":5}},"54":{"start":{"line":174,"column":4},"end":{"line":177,"column":7}},"55":{"start":{"line":179,"column":24},"end":{"line":179,"column":81}},"56":{"start":{"line":180,"column":4},"end":{"line":180,"column":76}},"57":{"start":{"line":184,"column":23},"end":{"line":211,"column":1}},"58":{"start":{"line":185,"column":2},"end":{"line":210,"column":3}},"59":{"start":{"line":186,"column":32},"end":{"line":186,"column":40}},"60":{"start":{"line":187,"column":19},"end":{"line":187,"column":36}},"61":{"start":{"line":190,"column":24},"end":{"line":201,"column":5}},"62":{"start":{"line":203,"column":4},"end":{"line":206,"column":7}},"63":{"start":{"line":208,"column":24},"end":{"line":208,"column":81}},"64":{"start":{"line":209,"column":4},"end":{"line":209,"column":76}},"65":{"start":{"line":213,"column":25},"end":{"line":237,"column":1}},"66":{"start":{"line":214,"column":2},"end":{"line":236,"column":3}},"67":{"start":{"line":215,"column":32},"end":{"line":215,"column":40}},"68":{"start":{"line":216,"column":19},"end":{"line":216,"column":36}},"69":{"start":{"line":219,"column":24},"end":{"line":227,"column":5}},"70":{"start":{"line":229,"column":4},"end":{"line":232,"column":7}},"71":{"start":{"line":234,"column":24},"end":{"line":234,"column":81}},"72":{"start":{"line":235,"column":4},"end":{"line":235,"column":76}},"73":{"start":{"line":239,"column":28},"end":{"line":274,"column":1}},"74":{"start":{"line":240,"column":17},"end":{"line":240,"column":34}},"75":{"start":{"line":241,"column":16},"end":{"line":241,"column":46}},"76":{"start":{"line":242,"column":15},"end":{"line":242,"column":44}},"77":{"start":{"line":244,"column":21},"end":{"line":244,"column":39}},"78":{"start":{"line":245,"column":19},"end":{"line":245,"column":31}},"79":{"start":{"line":247,"column":2},"end":{"line":273,"column":3}},"80":{"start":{"line":248,"column":17},"end":{"line":248,"column":58}},"81":{"start":{"line":249,"column":4},"end":{"line":252,"column":5}},"82":{"start":{"line":250,"column":26},"end":{"line":250,"column":94}},"83":{"start":{"line":251,"column":6},"end":{"line":251,"column":78}},"84":{"start":{"line":253,"column":22},"end":{"line":253,"column":36}},"85":{"start":{"line":255,"column":4},"end":{"line":262,"column":5}},"86":{"start":{"line":256,"column":33},"end":{"line":256,"column":58}},"87":{"start":{"line":257,"column":6},"end":{"line":261,"column":9}},"88":{"start":{"line":264,"column":30},"end":{"line":264,"column":67}},"89":{"start":{"line":266,"column":4},"end":{"line":270,"column":7}},"90":{"start":{"line":272,"column":4},"end":{"line":272,"column":79}},"91":{"start":{"line":276,"column":28},"end":{"line":311,"column":1}},"92":{"start":{"line":277,"column":17},"end":{"line":277,"column":34}},"93":{"start":{"line":278,"column":16},"end":{"line":278,"column":46}},"94":{"start":{"line":279,"column":15},"end":{"line":279,"column":44}},"95":{"start":{"line":281,"column":21},"end":{"line":281,"column":39}},"96":{"start":{"line":282,"column":19},"end":{"line":282,"column":31}},"97":{"start":{"line":284,"column":2},"end":{"line":310,"column":3}},"98":{"start":{"line":285,"column":17},"end":{"line":285,"column":58}},"99":{"start":{"line":286,"column":4},"end":{"line":289,"column":5}},"100":{"start":{"line":287,"column":26},"end":{"line":287,"column":94}},"101":{"start":{"line":288,"column":6},"end":{"line":288,"column":78}},"102":{"start":{"line":290,"column":23},"end":{"line":290,"column":37}},"103":{"start":{"line":292,"column":4},"end":{"line":299,"column":5}},"104":{"start":{"line":293,"column":33},"end":{"line":293,"column":59}},"105":{"start":{"line":294,"column":6},"end":{"line":298,"column":9}},"106":{"start":{"line":301,"column":31},"end":{"line":301,"column":69}},"107":{"start":{"line":303,"column":4},"end":{"line":307,"column":7}},"108":{"start":{"line":309,"column":4},"end":{"line":309,"column":79}},"109":{"start":{"line":313,"column":33},"end":{"line":363,"column":1}},"110":{"start":{"line":314,"column":2},"end":{"line":362,"column":3}},"111":{"start":{"line":315,"column":19},"end":{"line":315,"column":36}},"112":{"start":{"line":318,"column":18},"end":{"line":318,"column":48}},"113":{"start":{"line":319,"column":17},"end":{"line":319,"column":46}},"114":{"start":{"line":321,"column":23},"end":{"line":321,"column":41}},"115":{"start":{"line":322,"column":21},"end":{"line":322,"column":33}},"116":{"start":{"line":325,"column":22},"end":{"line":325,"column":63}},"117":{"start":{"line":326,"column":26},"end":{"line":326,"column":45}},"118":{"start":{"line":329,"column":18},"end":{"line":336,"column":6}},"119":{"start":{"line":338,"column":4},"end":{"line":350,"column":5}},"120":{"start":{"line":339,"column":6},"end":{"line":343,"column":9}},"121":{"start":{"line":344,"column":11},"end":{"line":350,"column":5}},"122":{"start":{"line":345,"column":6},"end":{"line":349,"column":9}},"123":{"start":{"line":352,"column":25},"end":{"line":352,"column":58}},"124":{"start":{"line":354,"column":4},"end":{"line":358,"column":7}},"125":{"start":{"line":360,"column":4},"end":{"line":360,"column":25}},"126":{"start":{"line":361,"column":4},"end":{"line":361,"column":76}},"127":{"start":{"line":365,"column":28},"end":{"line":402,"column":1}},"128":{"start":{"line":366,"column":2},"end":{"line":401,"column":3}},"129":{"start":{"line":367,"column":19},"end":{"line":367,"column":36}},"130":{"start":{"line":370,"column":18},"end":{"line":370,"column":48}},"131":{"start":{"line":371,"column":17},"end":{"line":371,"column":46}},"132":{"start":{"line":373,"column":23},"end":{"line":373,"column":41}},"133":{"start":{"line":374,"column":21},"end":{"line":374,"column":33}},"134":{"start":{"line":376,"column":18},"end":{"line":381,"column":6}},"135":{"start":{"line":383,"column":4},"end":{"line":389,"column":5}},"136":{"start":{"line":384,"column":6},"end":{"line":388,"column":9}},"137":{"start":{"line":391,"column":25},"end":{"line":391,"column":58}},"138":{"start":{"line":393,"column":4},"end":{"line":397,"column":7}},"139":{"start":{"line":399,"column":4},"end":{"line":399,"column":25}},"140":{"start":{"line":400,"column":4},"end":{"line":400,"column":76}},"141":{"start":{"line":409,"column":85},"end":{"line":409,"column":37905}},"142":{"start":{"line":409,"column":89},"end":{"line":409,"column":37894}}},"fnMap":{"0":{"name":"(anonymous_0)","decl":{"start":{"line":5,"column":39},"end":{"line":5,"column":40}},"loc":{"start":{"line":5,"column":53},"end":{"line":15,"column":1}},"line":5},"1":{"name":"(anonymous_1)","decl":{"start":{"line":17,"column":22},"end":{"line":17,"column":23}},"loc":{"start":{"line":17,"column":42},"end":{"line":65,"column":1}},"line":17},"2":{"name":"(anonymous_2)","decl":{"start":{"line":67,"column":24},"end":{"line":67,"column":25}},"loc":{"start":{"line":67,"column":44},"end":{"line":108,"column":1}},"line":67},"3":{"name":"(anonymous_3)","decl":{"start":{"line":110,"column":24},"end":{"line":110,"column":25}},"loc":{"start":{"line":110,"column":44},"end":{"line":145,"column":1}},"line":110},"4":{"name":"(anonymous_4)","decl":{"start":{"line":147,"column":26},"end":{"line":147,"column":27}},"loc":{"start":{"line":147,"column":46},"end":{"line":182,"column":1}},"line":147},"5":{"name":"(anonymous_5)","decl":{"start":{"line":184,"column":23},"end":{"line":184,"column":24}},"loc":{"start":{"line":184,"column":43},"end":{"line":211,"column":1}},"line":184},"6":{"name":"(anonymous_6)","decl":{"start":{"line":213,"column":25},"end":{"line":213,"column":26}},"loc":{"start":{"line":213,"column":45},"end":{"line":237,"column":1}},"line":213},"7":{"name":"(anonymous_7)","decl":{"start":{"line":239,"column":28},"end":{"line":239,"column":29}},"loc":{"start":{"line":239,"column":48},"end":{"line":274,"column":1}},"line":239},"8":{"name":"(anonymous_8)","decl":{"start":{"line":276,"column":28},"end":{"line":276,"column":29}},"loc":{"start":{"line":276,"column":48},"end":{"line":311,"column":1}},"line":276},"9":{"name":"(anonymous_9)","decl":{"start":{"line":313,"column":33},"end":{"line":313,"column":34}},"loc":{"start":{"line":313,"column":53},"end":{"line":363,"column":1}},"line":313},"10":{"name":"(anonymous_10)","decl":{"start":{"line":365,"column":28},"end":{"line":365,"column":29}},"loc":{"start":{"line":365,"column":48},"end":{"line":402,"column":1}},"line":365},"11":{"name":"oo_cm","decl":{"start":{"line":409,"column":77},"end":{"line":409,"column":82}},"loc":{"start":{"line":409,"column":84},"end":{"line":409,"column":37906}},"line":409}},"branchMap":{"0":{"loc":{"start":{"line":9,"column":4},"end":{"line":11,"column":5}},"type":"if","locations":[{"start":{"line":9,"column":4},"end":{"line":11,"column":5}},{"start":{},"end":{}}],"line":9},"1":{"loc":{"start":{"line":28,"column":4},"end":{"line":36,"column":5}},"type":"if","locations":[{"start":{"line":28,"column":4},"end":{"line":36,"column":5}},{"start":{},"end":{}}],"line":28},"2":{"loc":{"start":{"line":29,"column":6},"end":{"line":31,"column":49}},"type":"binary-expr","locations":[{"start":{"line":29,"column":6},"end":{"line":29,"column":30}},{"start":{"line":30,"column":6},"end":{"line":30,"column":45}},{"start":{"line":31,"column":6},"end":{"line":31,"column":49}}],"line":29},"3":{"loc":{"start":{"line":75,"column":4},"end":{"line":80,"column":5}},"type":"if","locations":[{"start":{"line":75,"column":4},"end":{"line":80,"column":5}},{"start":{},"end":{}}],"line":75},"4":{"loc":{"start":{"line":75,"column":8},"end":{"line":75,"column":73}},"type":"binary-expr","locations":[{"start":{"line":75,"column":8},"end":{"line":75,"column":23}},{"start":{"line":75,"column":27},"end":{"line":75,"column":73}}],"line":75},"5":{"loc":{"start":{"line":117,"column":4},"end":{"line":119,"column":5}},"type":"if","locations":[{"start":{"line":117,"column":4},"end":{"line":119,"column":5}},{"start":{},"end":{}}],"line":117},"6":{"loc":{"start":{"line":122,"column":4},"end":{"line":126,"column":5}},"type":"if","locations":[{"start":{"line":122,"column":4},"end":{"line":126,"column":5}},{"start":{},"end":{}}],"line":122},"7":{"loc":{"start":{"line":154,"column":4},"end":{"line":156,"column":5}},"type":"if","locations":[{"start":{"line":154,"column":4},"end":{"line":156,"column":5}},{"start":{},"end":{}}],"line":154},"8":{"loc":{"start":{"line":159,"column":4},"end":{"line":163,"column":5}},"type":"if","locations":[{"start":{"line":159,"column":4},"end":{"line":163,"column":5}},{"start":{},"end":{}}],"line":159},"9":{"loc":{"start":{"line":241,"column":16},"end":{"line":241,"column":46}},"type":"binary-expr","locations":[{"start":{"line":241,"column":16},"end":{"line":241,"column":41}},{"start":{"line":241,"column":45},"end":{"line":241,"column":46}}],"line":241},"10":{"loc":{"start":{"line":242,"column":15},"end":{"line":242,"column":44}},"type":"binary-expr","locations":[{"start":{"line":242,"column":15},"end":{"line":242,"column":39}},{"start":{"line":242,"column":43},"end":{"line":242,"column":44}}],"line":242},"11":{"loc":{"start":{"line":249,"column":4},"end":{"line":252,"column":5}},"type":"if","locations":[{"start":{"line":249,"column":4},"end":{"line":252,"column":5}},{"start":{},"end":{}}],"line":249},"12":{"loc":{"start":{"line":255,"column":4},"end":{"line":262,"column":5}},"type":"if","locations":[{"start":{"line":255,"column":4},"end":{"line":262,"column":5}},{"start":{},"end":{}}],"line":255},"13":{"loc":{"start":{"line":278,"column":16},"end":{"line":278,"column":46}},"type":"binary-expr","locations":[{"start":{"line":278,"column":16},"end":{"line":278,"column":41}},{"start":{"line":278,"column":45},"end":{"line":278,"column":46}}],"line":278},"14":{"loc":{"start":{"line":279,"column":15},"end":{"line":279,"column":44}},"type":"binary-expr","locations":[{"start":{"line":279,"column":15},"end":{"line":279,"column":39}},{"start":{"line":279,"column":43},"end":{"line":279,"column":44}}],"line":279},"15":{"loc":{"start":{"line":286,"column":4},"end":{"line":289,"column":5}},"type":"if","locations":[{"start":{"line":286,"column":4},"end":{"line":289,"column":5}},{"start":{},"end":{}}],"line":286},"16":{"loc":{"start":{"line":292,"column":4},"end":{"line":299,"column":5}},"type":"if","locations":[{"start":{"line":292,"column":4},"end":{"line":299,"column":5}},{"start":{},"end":{}}],"line":292},"17":{"loc":{"start":{"line":318,"column":18},"end":{"line":318,"column":48}},"type":"binary-expr","locations":[{"start":{"line":318,"column":18},"end":{"line":318,"column":43}},{"start":{"line":318,"column":47},"end":{"line":318,"column":48}}],"line":318},"18":{"loc":{"start":{"line":319,"column":17},"end":{"line":319,"column":46}},"type":"binary-expr","locations":[{"start":{"line":319,"column":17},"end":{"line":319,"column":41}},{"start":{"line":319,"column":45},"end":{"line":319,"column":46}}],"line":319},"19":{"loc":{"start":{"line":338,"column":4},"end":{"line":350,"column":5}},"type":"if","locations":[{"start":{"line":338,"column":4},"end":{"line":350,"column":5}},{"start":{"line":344,"column":11},"end":{"line":350,"column":5}}],"line":338},"20":{"loc":{"start":{"line":344,"column":11},"end":{"line":350,"column":5}},"type":"if","locations":[{"start":{"line":344,"column":11},"end":{"line":350,"column":5}},{"start":{},"end":{}}],"line":344},"21":{"loc":{"start":{"line":370,"column":18},"end":{"line":370,"column":48}},"type":"binary-expr","locations":[{"start":{"line":370,"column":18},"end":{"line":370,"column":43}},{"start":{"line":370,"column":47},"end":{"line":370,"column":48}}],"line":370},"22":{"loc":{"start":{"line":371,"column":17},"end":{"line":371,"column":46}},"type":"binary-expr","locations":[{"start":{"line":371,"column":17},"end":{"line":371,"column":41}},{"start":{"line":371,"column":45},"end":{"line":371,"column":46}}],"line":371},"23":{"loc":{"start":{"line":383,"column":4},"end":{"line":389,"column":5}},"type":"if","locations":[{"start":{"line":383,"column":4},"end":{"line":389,"column":5}},{"start":{},"end":{}}],"line":383},"24":{"loc":{"start":{"line":409,"column":96},"end":{"line":409,"column":37893}},"type":"binary-expr","locations":[{"start":{"line":409,"column":96},"end":{"line":409,"column":133}},{"start":{"line":409,"column":137},"end":{"line":409,"column":37893}}],"line":409}},"s":{"0":3,"1":4,"2":4,"3":4,"4":1,"5":0,"6":3,"7":2,"8":2,"9":2,"10":2,"11":2,"12":2,"13":0,"14":2,"15":2,"16":2,"17":0,"18":0,"19":3,"20":1,"21":1,"22":1,"23":1,"24":1,"25":0,"26":1,"27":1,"28":1,"29":0,"30":0,"31":3,"32":1,"33":1,"34":1,"35":1,"36":1,"37":0,"38":1,"39":0,"40":1,"41":1,"42":0,"43":0,"44":3,"45":1,"46":1,"47":1,"48":1,"49":1,"50":0,"51":1,"52":0,"53":1,"54":1,"55":0,"56":0,"57":3,"58":1,"59":1,"60":1,"61":1,"62":1,"63":0,"64":0,"65":3,"66":1,"67":1,"68":1,"69":1,"70":1,"71":0,"72":0,"73":3,"74":1,"75":1,"76":1,"77":1,"78":1,"79":1,"80":1,"81":1,"82":0,"83":0,"84":1,"85":1,"86":0,"87":0,"88":1,"89":1,"90":0,"91":3,"92":1,"93":1,"94":1,"95":1,"96":1,"97":1,"98":1,"99":1,"100":0,"101":0,"102":1,"103":1,"104":0,"105":0,"106":1,"107":1,"108":0,"109":3,"110":1,"111":1,"112":1,"113":1,"114":1,"115":1,"116":1,"117":1,"118":1,"119":1,"120":0,"121":1,"122":0,"123":1,"124":1,"125":0,"126":0,"127":3,"128":1,"129":1,"130":1,"131":1,"132":1,"133":1,"134":1,"135":1,"136":0,"137":1,"138":1,"139":0,"140":0,"141":0,"142":0},"f":{"0":4,"1":2,"2":1,"3":1,"4":1,"5":1,"6":1,"7":1,"8":1,"9":1,"10":1,"11":0},"b":{"0":[1,3],"1":[0,2],"2":[2,2,2],"3":[0,1],"4":[1,1],"5":[0,1],"6":[0,1],"7":[0,1],"8":[0,1],"9":[1,1],"10":[1,1],"11":[0,1],"12":[0,1],"13":[1,1],"14":[1,1],"15":[0,1],"16":[0,1],"17":[1,1],"18":[1,1],"19":[0,1],"20":[0,1],"21":[1,1],"22":[1,1],"23":[0,1],"24":[0,0]},"_coverageSchema":"1a1c01bbd47fc00a2c39e90264f33305004495a9","hash":"4bd7cf6256d4c223a999f310ce8fcf9415e5071e"}
,"/Users/vishnuarjun/Documents/Internships/American Elite Market/controllers/post.controller.js": {"path":"/Users/vishnuarjun/Documents/Internships/American Elite Market/controllers/post.controller.js","statementMap":{"0":{"start":{"line":5,"column":26},"end":{"line":22,"column":1}},"1":{"start":{"line":6,"column":2},"end":{"line":21,"column":3}},"2":{"start":{"line":7,"column":19},"end":{"line":7,"column":36}},"3":{"start":{"line":8,"column":24},"end":{"line":8,"column":32}},"4":{"start":{"line":9,"column":20},"end":{"line":9,"column":67}},"5":{"start":{"line":11,"column":4},"end":{"line":15,"column":7}},"6":{"start":{"line":17,"column":4},"end":{"line":20,"column":7}},"7":{"start":{"line":24,"column":26},"end":{"line":45,"column":1}},"8":{"start":{"line":25,"column":2},"end":{"line":44,"column":3}},"9":{"start":{"line":26,"column":19},"end":{"line":26,"column":32}},"10":{"start":{"line":27,"column":22},"end":{"line":27,"column":58}},"11":{"start":{"line":28,"column":4},"end":{"line":34,"column":5}},"12":{"start":{"line":29,"column":26},"end":{"line":29,"column":94}},"13":{"start":{"line":30,"column":6},"end":{"line":33,"column":9}},"14":{"start":{"line":35,"column":4},"end":{"line":37,"column":68}},"15":{"start":{"line":39,"column":24},"end":{"line":39,"column":114}},"16":{"start":{"line":40,"column":4},"end":{"line":43,"column":7}},"17":{"start":{"line":47,"column":25},"end":{"line":63,"column":1}},"18":{"start":{"line":48,"column":2},"end":{"line":62,"column":3}},"19":{"start":{"line":49,"column":19},"end":{"line":49,"column":36}},"20":{"start":{"line":50,"column":24},"end":{"line":50,"column":80}},"21":{"start":{"line":51,"column":22},"end":{"line":51,"column":64}},"22":{"start":{"line":52,"column":4},"end":{"line":55,"column":7}},"23":{"start":{"line":57,"column":24},"end":{"line":57,"column":115}},"24":{"start":{"line":58,"column":4},"end":{"line":61,"column":7}},"25":{"start":{"line":65,"column":27},"end":{"line":97,"column":1}},"26":{"start":{"line":66,"column":2},"end":{"line":96,"column":3}},"27":{"start":{"line":67,"column":18},"end":{"line":67,"column":19}},"28":{"start":{"line":68,"column":17},"end":{"line":68,"column":46}},"29":{"start":{"line":70,"column":23},"end":{"line":70,"column":41}},"30":{"start":{"line":71,"column":21},"end":{"line":71,"column":33}},"31":{"start":{"line":72,"column":19},"end":{"line":72,"column":36}},"32":{"start":{"line":73,"column":21},"end":{"line":73,"column":57}},"33":{"start":{"line":74,"column":23},"end":{"line":74,"column":59}},"34":{"start":{"line":76,"column":4},"end":{"line":83,"column":5}},"35":{"start":{"line":77,"column":33},"end":{"line":77,"column":57}},"36":{"start":{"line":78,"column":6},"end":{"line":82,"column":9}},"37":{"start":{"line":85,"column":4},"end":{"line":89,"column":7}},"38":{"start":{"line":91,"column":24},"end":{"line":91,"column":118}},"39":{"start":{"line":92,"column":4},"end":{"line":95,"column":7}},"40":{"start":{"line":99,"column":27},"end":{"line":135,"column":1}},"41":{"start":{"line":100,"column":2},"end":{"line":134,"column":3}},"42":{"start":{"line":101,"column":18},"end":{"line":101,"column":19}},"43":{"start":{"line":102,"column":17},"end":{"line":102,"column":46}},"44":{"start":{"line":104,"column":23},"end":{"line":104,"column":41}},"45":{"start":{"line":105,"column":21},"end":{"line":105,"column":33}},"46":{"start":{"line":106,"column":19},"end":{"line":106,"column":36}},"47":{"start":{"line":107,"column":21},"end":{"line":110,"column":6}},"48":{"start":{"line":112,"column":23},"end":{"line":112,"column":59}},"49":{"start":{"line":114,"column":4},"end":{"line":121,"column":5}},"50":{"start":{"line":115,"column":33},"end":{"line":115,"column":57}},"51":{"start":{"line":116,"column":6},"end":{"line":120,"column":9}},"52":{"start":{"line":123,"column":4},"end":{"line":127,"column":7}},"53":{"start":{"line":129,"column":24},"end":{"line":129,"column":120}},"54":{"start":{"line":130,"column":4},"end":{"line":133,"column":7}},"55":{"start":{"line":137,"column":26},"end":{"line":185,"column":1}},"56":{"start":{"line":138,"column":2},"end":{"line":184,"column":3}},"57":{"start":{"line":139,"column":19},"end":{"line":139,"column":32}},"58":{"start":{"line":140,"column":24},"end":{"line":140,"column":82}},"59":{"start":{"line":141,"column":22},"end":{"line":141,"column":49}},"60":{"start":{"line":142,"column":4},"end":{"line":147,"column":5}},"61":{"start":{"line":143,"column":6},"end":{"line":146,"column":9}},"62":{"start":{"line":149,"column":53},"end":{"line":149,"column":61}},"63":{"start":{"line":151,"column":25},"end":{"line":155,"column":5}},"64":{"start":{"line":157,"column":22},"end":{"line":159,"column":6}},"65":{"start":{"line":162,"column":6},"end":{"line":162,"column":20}},"66":{"start":{"line":164,"column":42},"end":{"line":171,"column":5}},"67":{"start":{"line":173,"column":4},"end":{"line":177,"column":7}},"68":{"start":{"line":179,"column":24},"end":{"line":179,"column":117}},"69":{"start":{"line":180,"column":4},"end":{"line":183,"column":7}},"70":{"start":{"line":192,"column":85},"end":{"line":192,"column":37905}},"71":{"start":{"line":192,"column":89},"end":{"line":192,"column":37894}}},"fnMap":{"0":{"name":"(anonymous_0)","decl":{"start":{"line":5,"column":26},"end":{"line":5,"column":27}},"loc":{"start":{"line":5,"column":46},"end":{"line":22,"column":1}},"line":5},"1":{"name":"(anonymous_1)","decl":{"start":{"line":24,"column":26},"end":{"line":24,"column":27}},"loc":{"start":{"line":24,"column":46},"end":{"line":45,"column":1}},"line":24},"2":{"name":"(anonymous_2)","decl":{"start":{"line":47,"column":25},"end":{"line":47,"column":26}},"loc":{"start":{"line":47,"column":45},"end":{"line":63,"column":1}},"line":47},"3":{"name":"(anonymous_3)","decl":{"start":{"line":65,"column":27},"end":{"line":65,"column":28}},"loc":{"start":{"line":65,"column":47},"end":{"line":97,"column":1}},"line":65},"4":{"name":"(anonymous_4)","decl":{"start":{"line":99,"column":27},"end":{"line":99,"column":28}},"loc":{"start":{"line":99,"column":47},"end":{"line":135,"column":1}},"line":99},"5":{"name":"(anonymous_5)","decl":{"start":{"line":137,"column":26},"end":{"line":137,"column":27}},"loc":{"start":{"line":137,"column":46},"end":{"line":185,"column":1}},"line":137},"6":{"name":"oo_cm","decl":{"start":{"line":192,"column":77},"end":{"line":192,"column":82}},"loc":{"start":{"line":192,"column":84},"end":{"line":192,"column":37906}},"line":192}},"branchMap":{"0":{"loc":{"start":{"line":28,"column":4},"end":{"line":34,"column":5}},"type":"if","locations":[{"start":{"line":28,"column":4},"end":{"line":34,"column":5}},{"start":{},"end":{}}],"line":28},"1":{"loc":{"start":{"line":68,"column":17},"end":{"line":68,"column":46}},"type":"binary-expr","locations":[{"start":{"line":68,"column":17},"end":{"line":68,"column":41}},{"start":{"line":68,"column":45},"end":{"line":68,"column":46}}],"line":68},"2":{"loc":{"start":{"line":76,"column":4},"end":{"line":83,"column":5}},"type":"if","locations":[{"start":{"line":76,"column":4},"end":{"line":83,"column":5}},{"start":{},"end":{}}],"line":76},"3":{"loc":{"start":{"line":102,"column":17},"end":{"line":102,"column":46}},"type":"binary-expr","locations":[{"start":{"line":102,"column":17},"end":{"line":102,"column":41}},{"start":{"line":102,"column":45},"end":{"line":102,"column":46}}],"line":102},"4":{"loc":{"start":{"line":114,"column":4},"end":{"line":121,"column":5}},"type":"if","locations":[{"start":{"line":114,"column":4},"end":{"line":121,"column":5}},{"start":{},"end":{}}],"line":114},"5":{"loc":{"start":{"line":142,"column":4},"end":{"line":147,"column":5}},"type":"if","locations":[{"start":{"line":142,"column":4},"end":{"line":147,"column":5}},{"start":{},"end":{}}],"line":142},"6":{"loc":{"start":{"line":192,"column":96},"end":{"line":192,"column":37893}},"type":"binary-expr","locations":[{"start":{"line":192,"column":96},"end":{"line":192,"column":133}},{"start":{"line":192,"column":137},"end":{"line":192,"column":37893}}],"line":192}},"s":{"0":3,"1":2,"2":2,"3":2,"4":2,"5":2,"6":0,"7":3,"8":1,"9":1,"10":1,"11":1,"12":0,"13":0,"14":1,"15":0,"16":0,"17":3,"18":0,"19":0,"20":0,"21":0,"22":0,"23":0,"24":0,"25":3,"26":0,"27":0,"28":0,"29":0,"30":0,"31":0,"32":0,"33":0,"34":0,"35":0,"36":0,"37":0,"38":0,"39":0,"40":3,"41":1,"42":1,"43":1,"44":1,"45":1,"46":1,"47":1,"48":1,"49":1,"50":0,"51":0,"52":1,"53":0,"54":0,"55":3,"56":0,"57":0,"58":0,"59":0,"60":0,"61":0,"62":0,"63":0,"64":0,"65":0,"66":0,"67":0,"68":0,"69":0,"70":0,"71":0},"f":{"0":2,"1":1,"2":0,"3":0,"4":1,"5":0,"6":0},"b":{"0":[0,1],"1":[0,0],"2":[0,0],"3":[1,1],"4":[0,1],"5":[0,0],"6":[0,0]},"_coverageSchema":"1a1c01bbd47fc00a2c39e90264f33305004495a9","hash":"2032e24cf5b1c41cd6400778b854abc89ccd2b35"}
,"/Users/vishnuarjun/Documents/Internships/American Elite Market/controllers/user.controller.js": {"path":"/Users/vishnuarjun/Documents/Internships/American Elite Market/controllers/user.controller.js","statementMap":{"0":{"start":{"line":6,"column":25},"end":{"line":40,"column":1}},"1":{"start":{"line":7,"column":2},"end":{"line":39,"column":3}},"2":{"start":{"line":8,"column":42},"end":{"line":8,"column":50}},"3":{"start":{"line":9,"column":22},"end":{"line":9,"column":76}},"4":{"start":{"line":10,"column":4},"end":{"line":12,"column":78}},"5":{"start":{"line":12,"column":6},"end":{"line":12,"column":78}},"6":{"start":{"line":15,"column":26},"end":{"line":15,"column":76}},"7":{"start":{"line":16,"column":4},"end":{"line":19,"column":66}},"8":{"start":{"line":17,"column":6},"end":{"line":19,"column":66}},"9":{"start":{"line":22,"column":52},"end":{"line":22,"column":66}},"10":{"start":{"line":23,"column":18},"end":{"line":26,"column":5}},"11":{"start":{"line":28,"column":4},"end":{"line":35,"column":9}},"12":{"start":{"line":37,"column":24},"end":{"line":37,"column":79}},"13":{"start":{"line":38,"column":4},"end":{"line":38,"column":76}},"14":{"start":{"line":42,"column":28},"end":{"line":75,"column":1}},"15":{"start":{"line":43,"column":2},"end":{"line":74,"column":3}},"16":{"start":{"line":44,"column":42},"end":{"line":44,"column":50}},"17":{"start":{"line":45,"column":17},"end":{"line":45,"column":71}},"18":{"start":{"line":47,"column":4},"end":{"line":51,"column":5}},"19":{"start":{"line":48,"column":6},"end":{"line":50,"column":67}},"20":{"start":{"line":53,"column":27},"end":{"line":53,"column":58}},"21":{"start":{"line":56,"column":19},"end":{"line":56,"column":27}},"22":{"start":{"line":58,"column":20},"end":{"line":63,"column":6}},"23":{"start":{"line":65,"column":22},"end":{"line":65,"column":42}},"24":{"start":{"line":66,"column":4},"end":{"line":68,"column":76}},"25":{"start":{"line":70,"column":24},"end":{"line":70,"column":79}},"26":{"start":{"line":71,"column":4},"end":{"line":73,"column":63}},"27":{"start":{"line":77,"column":23},"end":{"line":87,"column":1}},"28":{"start":{"line":78,"column":2},"end":{"line":86,"column":3}},"29":{"start":{"line":79,"column":4},"end":{"line":82,"column":58}},"30":{"start":{"line":84,"column":24},"end":{"line":84,"column":79}},"31":{"start":{"line":85,"column":4},"end":{"line":85,"column":70}},"32":{"start":{"line":89,"column":23},"end":{"line":102,"column":1}},"33":{"start":{"line":90,"column":2},"end":{"line":101,"column":3}},"34":{"start":{"line":91,"column":19},"end":{"line":91,"column":36}},"35":{"start":{"line":92,"column":17},"end":{"line":92,"column":44}},"36":{"start":{"line":93,"column":4},"end":{"line":95,"column":74}},"37":{"start":{"line":97,"column":24},"end":{"line":97,"column":110}},"38":{"start":{"line":98,"column":4},"end":{"line":100,"column":64}},"39":{"start":{"line":104,"column":27},"end":{"line":114,"column":1}},"40":{"start":{"line":105,"column":2},"end":{"line":113,"column":3}},"41":{"start":{"line":106,"column":19},"end":{"line":106,"column":36}},"42":{"start":{"line":107,"column":18},"end":{"line":107,"column":35}},"43":{"start":{"line":108,"column":24},"end":{"line":108,"column":66}},"44":{"start":{"line":108,"column":47},"end":{"line":108,"column":65}},"45":{"start":{"line":109,"column":4},"end":{"line":109,"column":69}},"46":{"start":{"line":111,"column":24},"end":{"line":111,"column":112}},"47":{"start":{"line":112,"column":4},"end":{"line":112,"column":71}},"48":{"start":{"line":116,"column":26},"end":{"line":139,"column":1}},"49":{"start":{"line":117,"column":2},"end":{"line":138,"column":3}},"50":{"start":{"line":118,"column":19},"end":{"line":118,"column":36}},"51":{"start":{"line":120,"column":24},"end":{"line":120,"column":60}},"52":{"start":{"line":122,"column":4},"end":{"line":127,"column":5}},"53":{"start":{"line":123,"column":26},"end":{"line":123,"column":100}},"54":{"start":{"line":124,"column":6},"end":{"line":126,"column":64}},"55":{"start":{"line":129,"column":4},"end":{"line":131,"column":63}},"56":{"start":{"line":133,"column":24},"end":{"line":133,"column":81}},"57":{"start":{"line":134,"column":4},"end":{"line":137,"column":7}},"58":{"start":{"line":141,"column":26},"end":{"line":180,"column":1}},"59":{"start":{"line":142,"column":2},"end":{"line":179,"column":3}},"60":{"start":{"line":143,"column":19},"end":{"line":143,"column":36}},"61":{"start":{"line":144,"column":42},"end":{"line":144,"column":50}},"62":{"start":{"line":145,"column":24},"end":{"line":145,"column":119}},"63":{"start":{"line":147,"column":23},"end":{"line":150,"column":5}},"64":{"start":{"line":153,"column":4},"end":{"line":157,"column":5}},"65":{"start":{"line":155,"column":23},"end":{"line":155,"column":54}},"66":{"start":{"line":156,"column":6},"end":{"line":156,"column":41}},"67":{"start":{"line":159,"column":22},"end":{"line":163,"column":5}},"68":{"start":{"line":165,"column":21},"end":{"line":168,"column":5}},"69":{"start":{"line":169,"column":4},"end":{"line":169,"column":59}},"70":{"start":{"line":170,"column":24},"end":{"line":170,"column":105}},"71":{"start":{"line":171,"column":4},"end":{"line":175,"column":7}},"72":{"start":{"line":177,"column":24},"end":{"line":177,"column":81}},"73":{"start":{"line":178,"column":4},"end":{"line":178,"column":58}},"74":{"start":{"line":187,"column":85},"end":{"line":187,"column":37905}},"75":{"start":{"line":187,"column":89},"end":{"line":187,"column":37894}}},"fnMap":{"0":{"name":"(anonymous_0)","decl":{"start":{"line":6,"column":25},"end":{"line":6,"column":26}},"loc":{"start":{"line":6,"column":45},"end":{"line":40,"column":1}},"line":6},"1":{"name":"(anonymous_1)","decl":{"start":{"line":42,"column":28},"end":{"line":42,"column":29}},"loc":{"start":{"line":42,"column":48},"end":{"line":75,"column":1}},"line":42},"2":{"name":"(anonymous_2)","decl":{"start":{"line":77,"column":23},"end":{"line":77,"column":24}},"loc":{"start":{"line":77,"column":43},"end":{"line":87,"column":1}},"line":77},"3":{"name":"(anonymous_3)","decl":{"start":{"line":89,"column":23},"end":{"line":89,"column":24}},"loc":{"start":{"line":89,"column":43},"end":{"line":102,"column":1}},"line":89},"4":{"name":"(anonymous_4)","decl":{"start":{"line":104,"column":27},"end":{"line":104,"column":28}},"loc":{"start":{"line":104,"column":47},"end":{"line":114,"column":1}},"line":104},"5":{"name":"(anonymous_5)","decl":{"start":{"line":108,"column":37},"end":{"line":108,"column":38}},"loc":{"start":{"line":108,"column":47},"end":{"line":108,"column":65}},"line":108},"6":{"name":"(anonymous_6)","decl":{"start":{"line":116,"column":26},"end":{"line":116,"column":27}},"loc":{"start":{"line":116,"column":52},"end":{"line":139,"column":1}},"line":116},"7":{"name":"(anonymous_7)","decl":{"start":{"line":141,"column":26},"end":{"line":141,"column":27}},"loc":{"start":{"line":141,"column":46},"end":{"line":180,"column":1}},"line":141},"8":{"name":"oo_cm","decl":{"start":{"line":187,"column":77},"end":{"line":187,"column":82}},"loc":{"start":{"line":187,"column":84},"end":{"line":187,"column":37906}},"line":187}},"branchMap":{"0":{"loc":{"start":{"line":10,"column":4},"end":{"line":12,"column":78}},"type":"if","locations":[{"start":{"line":10,"column":4},"end":{"line":12,"column":78}},{"start":{},"end":{}}],"line":10},"1":{"loc":{"start":{"line":16,"column":4},"end":{"line":19,"column":66}},"type":"if","locations":[{"start":{"line":16,"column":4},"end":{"line":19,"column":66}},{"start":{},"end":{}}],"line":16},"2":{"loc":{"start":{"line":47,"column":4},"end":{"line":51,"column":5}},"type":"if","locations":[{"start":{"line":47,"column":4},"end":{"line":51,"column":5}},{"start":{},"end":{}}],"line":47},"3":{"loc":{"start":{"line":122,"column":4},"end":{"line":127,"column":5}},"type":"if","locations":[{"start":{"line":122,"column":4},"end":{"line":127,"column":5}},{"start":{},"end":{}}],"line":122},"4":{"loc":{"start":{"line":153,"column":4},"end":{"line":157,"column":5}},"type":"if","locations":[{"start":{"line":153,"column":4},"end":{"line":157,"column":5}},{"start":{},"end":{}}],"line":153},"5":{"loc":{"start":{"line":187,"column":96},"end":{"line":187,"column":37893}},"type":"binary-expr","locations":[{"start":{"line":187,"column":96},"end":{"line":187,"column":133}},{"start":{"line":187,"column":137},"end":{"line":187,"column":37893}}],"line":187}},"s":{"0":3,"1":4,"2":4,"3":4,"4":4,"5":0,"6":4,"7":4,"8":0,"9":4,"10":4,"11":4,"12":0,"13":0,"14":3,"15":3,"16":3,"17":3,"18":3,"19":1,"20":2,"21":2,"22":2,"23":2,"24":2,"25":0,"26":0,"27":3,"28":1,"29":1,"30":0,"31":0,"32":3,"33":0,"34":0,"35":0,"36":0,"37":0,"38":0,"39":3,"40":0,"41":0,"42":0,"43":0,"44":0,"45":0,"46":0,"47":0,"48":3,"49":2,"50":2,"51":2,"52":2,"53":0,"54":0,"55":2,"56":0,"57":0,"58":3,"59":0,"60":0,"61":0,"62":0,"63":0,"64":0,"65":0,"66":0,"67":0,"68":0,"69":0,"70":0,"71":0,"72":0,"73":0,"74":0,"75":0},"f":{"0":4,"1":3,"2":1,"3":0,"4":0,"5":0,"6":2,"7":0,"8":0},"b":{"0":[0,4],"1":[0,4],"2":[1,2],"3":[0,2],"4":[0,0],"5":[0,0]},"_coverageSchema":"1a1c01bbd47fc00a2c39e90264f33305004495a9","hash":"3378be22222f0091507793e54f4af380455217b8"}
,"/Users/vishnuarjun/Documents/Internships/American Elite Market/models/Follow.model.js": {"path":"/Users/vishnuarjun/Documents/Internships/American Elite Market/models/Follow.model.js","statementMap":{"0":{"start":{"line":4,"column":21},"end":{"line":29,"column":1}},"1":{"start":{"line":31,"column":15},"end":{"line":31,"column":53}}},"fnMap":{},"branchMap":{},"s":{"0":3,"1":3},"f":{},"b":{},"_coverageSchema":"1a1c01bbd47fc00a2c39e90264f33305004495a9","hash":"e5599a9fd2b7c4f3c5b60f5fcbaa540d03b8f9b0"}
,"/Users/vishnuarjun/Documents/Internships/American Elite Market/models/Post.model.js": {"path":"/Users/vishnuarjun/Documents/Internships/American Elite Market/models/Post.model.js","statementMap":{"0":{"start":{"line":4,"column":19},"end":{"line":38,"column":1}},"1":{"start":{"line":40,"column":13},"end":{"line":40,"column":47}}},"fnMap":{},"branchMap":{},"s":{"0":3,"1":3},"f":{},"b":{},"_coverageSchema":"1a1c01bbd47fc00a2c39e90264f33305004495a9","hash":"4a925254288068bc46d0050245728f7601b92103"}
,"/Users/vishnuarjun/Documents/Internships/American Elite Market/models/User.model.js": {"path":"/Users/vishnuarjun/Documents/Internships/American Elite Market/models/User.model.js","statementMap":{"0":{"start":{"line":4,"column":19},"end":{"line":24,"column":1}},"1":{"start":{"line":26,"column":13},"end":{"line":26,"column":47}}},"fnMap":{},"branchMap":{},"s":{"0":3,"1":3},"f":{},"b":{},"_coverageSchema":"1a1c01bbd47fc00a2c39e90264f33305004495a9","hash":"8c57c8d8a9c91ce1a8dbfd7ae6bb8511652b336b"}
,"/Users/vishnuarjun/Documents/Internships/American Elite Market/routers/follower.router.js": {"path":"/Users/vishnuarjun/Documents/Internships/American Elite Market/routers/follower.router.js","statementMap":{"0":{"start":{"line":15,"column":15},"end":{"line":15,"column":31}},"1":{"start":{"line":18,"column":0},"end":{"line":18,"column":39}},"2":{"start":{"line":19,"column":0},"end":{"line":19,"column":43}},"3":{"start":{"line":20,"column":0},"end":{"line":20,"column":43}},"4":{"start":{"line":21,"column":0},"end":{"line":21,"column":47}},"5":{"start":{"line":22,"column":0},"end":{"line":22,"column":41}},"6":{"start":{"line":23,"column":0},"end":{"line":23,"column":45}},"7":{"start":{"line":26,"column":0},"end":{"line":26,"column":50}},"8":{"start":{"line":27,"column":0},"end":{"line":27,"column":51}},"9":{"start":{"line":30,"column":0},"end":{"line":30,"column":60}},"10":{"start":{"line":31,"column":0},"end":{"line":31,"column":50}}},"fnMap":{},"branchMap":{},"s":{"0":3,"1":3,"2":3,"3":3,"4":3,"5":3,"6":3,"7":3,"8":3,"9":3,"10":3},"f":{},"b":{},"_coverageSchema":"1a1c01bbd47fc00a2c39e90264f33305004495a9","hash":"52c352f2c0caa2d59a4822f6331671fe7a6d14bc"}
,"/Users/vishnuarjun/Documents/Internships/American Elite Market/routers/post.router.js": {"path":"/Users/vishnuarjun/Documents/Internships/American Elite Market/routers/post.router.js","statementMap":{"0":{"start":{"line":12,"column":15},"end":{"line":12,"column":31}},"1":{"start":{"line":14,"column":0},"end":{"line":14,"column":55}},"2":{"start":{"line":15,"column":0},"end":{"line":15,"column":56}},"3":{"start":{"line":16,"column":0},"end":{"line":16,"column":57}},"4":{"start":{"line":17,"column":0},"end":{"line":17,"column":57}},"5":{"start":{"line":18,"column":0},"end":{"line":18,"column":50}},"6":{"start":{"line":21,"column":0},"end":{"line":21,"column":59}}},"fnMap":{},"branchMap":{},"s":{"0":3,"1":3,"2":3,"3":3,"4":3,"5":3,"6":3},"f":{},"b":{},"_coverageSchema":"1a1c01bbd47fc00a2c39e90264f33305004495a9","hash":"340251939f1917b13840a6a235f27d8c85c0b9b2"}
,"/Users/vishnuarjun/Documents/Internships/American Elite Market/routers/user.router.js": {"path":"/Users/vishnuarjun/Documents/Internships/American Elite Market/routers/user.router.js","statementMap":{"0":{"start":{"line":13,"column":15},"end":{"line":13,"column":31}},"1":{"start":{"line":15,"column":0},"end":{"line":15,"column":33}},"2":{"start":{"line":16,"column":0},"end":{"line":16,"column":39}},"3":{"start":{"line":17,"column":0},"end":{"line":17,"column":59}},"4":{"start":{"line":18,"column":0},"end":{"line":18,"column":45}},"5":{"start":{"line":19,"column":0},"end":{"line":19,"column":40}},"6":{"start":{"line":20,"column":0},"end":{"line":20,"column":45}},"7":{"start":{"line":21,"column":0},"end":{"line":21,"column":32}}},"fnMap":{},"branchMap":{},"s":{"0":3,"1":3,"2":3,"3":3,"4":3,"5":3,"6":3,"7":3},"f":{},"b":{},"_coverageSchema":"1a1c01bbd47fc00a2c39e90264f33305004495a9","hash":"09bd60f29e060dc2aab43d9852b95736b41dc0dc"}
,"/Users/vishnuarjun/Documents/Internships/American Elite Market/utils/verifyUser.js": {"path":"/Users/vishnuarjun/Documents/Internships/American Elite Market/utils/verifyUser.js","statementMap":{"0":{"start":{"line":3,"column":26},"end":{"line":18,"column":1}},"1":{"start":{"line":4,"column":2},"end":{"line":17,"column":3}},"2":{"start":{"line":5,"column":18},"end":{"line":5,"column":40}},"3":{"start":{"line":6,"column":4},"end":{"line":8,"column":5}},"4":{"start":{"line":7,"column":6},"end":{"line":7,"column":76}},"5":{"start":{"line":9,"column":4},"end":{"line":13,"column":7}},"6":{"start":{"line":10,"column":6},"end":{"line":12,"column":7}},"7":{"start":{"line":11,"column":8},"end":{"line":11,"column":75}},"8":{"start":{"line":14,"column":4},"end":{"line":14,"column":11}},"9":{"start":{"line":16,"column":24},"end":{"line":16,"column":79}},"10":{"start":{"line":25,"column":85},"end":{"line":25,"column":37905}},"11":{"start":{"line":25,"column":89},"end":{"line":25,"column":37894}}},"fnMap":{"0":{"name":"(anonymous_0)","decl":{"start":{"line":3,"column":26},"end":{"line":3,"column":27}},"loc":{"start":{"line":3,"column":52},"end":{"line":18,"column":1}},"line":3},"1":{"name":"(anonymous_1)","decl":{"start":{"line":9,"column":46},"end":{"line":9,"column":47}},"loc":{"start":{"line":9,"column":61},"end":{"line":13,"column":5}},"line":9},"2":{"name":"oo_cm","decl":{"start":{"line":25,"column":77},"end":{"line":25,"column":82}},"loc":{"start":{"line":25,"column":84},"end":{"line":25,"column":37906}},"line":25}},"branchMap":{"0":{"loc":{"start":{"line":6,"column":4},"end":{"line":8,"column":5}},"type":"if","locations":[{"start":{"line":6,"column":4},"end":{"line":8,"column":5}},{"start":{},"end":{}}],"line":6},"1":{"loc":{"start":{"line":10,"column":6},"end":{"line":12,"column":7}},"type":"if","locations":[{"start":{"line":10,"column":6},"end":{"line":12,"column":7}},{"start":{},"end":{}}],"line":10},"2":{"loc":{"start":{"line":25,"column":96},"end":{"line":25,"column":37893}},"type":"binary-expr","locations":[{"start":{"line":25,"column":96},"end":{"line":25,"column":133}},{"start":{"line":25,"column":137},"end":{"line":25,"column":37893}}],"line":25}},"s":{"0":3,"1":4,"2":4,"3":4,"4":0,"5":4,"6":4,"7":0,"8":4,"9":0,"10":0,"11":0},"f":{"0":4,"1":4,"2":0},"b":{"0":[0,4],"1":[0,4],"2":[0,0]},"_coverageSchema":"1a1c01bbd47fc00a2c39e90264f33305004495a9","hash":"485d953cff83e2f13ffc1e7efa5674e20902d808"}
}
