TN:
SF:index.js
FN:16,(anonymous_0)
FNF:1
FNH:0
FNDA:0,(anonymous_0)
DA:8,3
DA:10,3
DA:11,3
DA:13,3
DA:14,3
DA:16,3
DA:17,0
DA:18,0
DA:20,0
DA:24,3
DA:25,3
DA:26,3
LF:12
LH:9
BRF:0
BRH:0
end_of_record
TN:
SF:controllers/follower.controller.js
FN:5,(anonymous_0)
FN:17,(anonymous_1)
FN:67,(anonymous_2)
FN:110,(anonymous_3)
FN:147,(anonymous_4)
FN:184,(anonymous_5)
FN:213,(anonymous_6)
FN:239,(anonymous_7)
FN:276,(anonymous_8)
FN:313,(anonymous_9)
FN:365,(anonymous_10)
FN:409,oo_cm
FNF:12
FNH:11
FNDA:4,(anonymous_0)
FNDA:2,(anonymous_1)
FNDA:1,(anonymous_2)
FNDA:1,(anonymous_3)
FNDA:1,(anonymous_4)
FNDA:1,(anonymous_5)
FNDA:1,(anonymous_6)
FNDA:1,(anonymous_7)
FNDA:1,(anonymous_8)
FNDA:1,(anonymous_9)
FNDA:1,(anonymous_10)
FNDA:0,oo_cm
DA:5,3
DA:6,4
DA:8,4
DA:9,4
DA:10,1
DA:13,0
DA:17,3
DA:18,2
DA:19,2
DA:20,2
DA:22,2
DA:27,2
DA:28,2
DA:33,0
DA:38,2
DA:47,2
DA:56,2
DA:62,0
DA:63,0
DA:67,3
DA:68,1
DA:69,1
DA:70,1
DA:72,1
DA:75,1
DA:76,0
DA:82,1
DA:91,1
DA:100,1
DA:105,0
DA:106,0
DA:110,3
DA:111,1
DA:112,1
DA:113,1
DA:116,1
DA:117,1
DA:118,0
DA:122,1
DA:123,0
DA:129,1
DA:137,1
DA:142,0
DA:143,0
DA:147,3
DA:148,1
DA:149,1
DA:150,1
DA:153,1
DA:154,1
DA:155,0
DA:159,1
DA:160,0
DA:166,1
DA:174,1
DA:179,0
DA:180,0
DA:184,3
DA:185,1
DA:186,1
DA:187,1
DA:190,1
DA:203,1
DA:208,0
DA:209,0
DA:213,3
DA:214,1
DA:215,1
DA:216,1
DA:219,1
DA:229,1
DA:234,0
DA:235,0
DA:239,3
DA:240,1
DA:241,1
DA:242,1
DA:244,1
DA:245,1
DA:247,1
DA:248,1
DA:249,1
DA:250,0
DA:251,0
DA:253,1
DA:255,1
DA:256,0
DA:257,0
DA:264,1
DA:266,1
DA:272,0
DA:276,3
DA:277,1
DA:278,1
DA:279,1
DA:281,1
DA:282,1
DA:284,1
DA:285,1
DA:286,1
DA:287,0
DA:288,0
DA:290,1
DA:292,1
DA:293,0
DA:294,0
DA:301,1
DA:303,1
DA:309,0
DA:313,3
DA:314,1
DA:315,1
DA:318,1
DA:319,1
DA:321,1
DA:322,1
DA:325,1
DA:326,1
DA:329,1
DA:338,1
DA:339,0
DA:344,1
DA:345,0
DA:352,1
DA:354,1
DA:360,0
DA:361,0
DA:365,3
DA:366,1
DA:367,1
DA:370,1
DA:371,1
DA:373,1
DA:374,1
DA:376,1
DA:383,1
DA:384,0
DA:391,1
DA:393,1
DA:399,0
DA:400,0
DA:409,0
LF:142
LH:105
BRDA:9,0,0,1
BRDA:9,0,1,3
BRDA:28,1,0,0
BRDA:28,1,1,2
BRDA:29,2,0,2
BRDA:29,2,1,2
BRDA:29,2,2,2
BRDA:75,3,0,0
BRDA:75,3,1,1
BRDA:75,4,0,1
BRDA:75,4,1,1
BRDA:117,5,0,0
BRDA:117,5,1,1
BRDA:122,6,0,0
BRDA:122,6,1,1
BRDA:154,7,0,0
BRDA:154,7,1,1
BRDA:159,8,0,0
BRDA:159,8,1,1
BRDA:241,9,0,1
BRDA:241,9,1,1
BRDA:242,10,0,1
BRDA:242,10,1,1
BRDA:249,11,0,0
BRDA:249,11,1,1
BRDA:255,12,0,0
BRDA:255,12,1,1
BRDA:278,13,0,1
BRDA:278,13,1,1
BRDA:279,14,0,1
BRDA:279,14,1,1
BRDA:286,15,0,0
BRDA:286,15,1,1
BRDA:292,16,0,0
BRDA:292,16,1,1
BRDA:318,17,0,1
BRDA:318,17,1,1
BRDA:319,18,0,1
BRDA:319,18,1,1
BRDA:338,19,0,0
BRDA:338,19,1,1
BRDA:344,20,0,0
BRDA:344,20,1,1
BRDA:370,21,0,1
BRDA:370,21,1,1
BRDA:371,22,0,1
BRDA:371,22,1,1
BRDA:383,23,0,0
BRDA:383,23,1,1
BRDA:409,24,0,0
BRDA:409,24,1,0
BRF:51
BRH:36
end_of_record
TN:
SF:controllers/post.controller.js
FN:5,(anonymous_0)
FN:24,(anonymous_1)
FN:47,(anonymous_2)
FN:65,(anonymous_3)
FN:99,(anonymous_4)
FN:137,(anonymous_5)
FN:192,oo_cm
FNF:7
FNH:3
FNDA:2,(anonymous_0)
FNDA:1,(anonymous_1)
FNDA:0,(anonymous_2)
FNDA:0,(anonymous_3)
FNDA:1,(anonymous_4)
FNDA:0,(anonymous_5)
FNDA:0,oo_cm
DA:5,3
DA:6,2
DA:7,2
DA:8,2
DA:9,2
DA:11,2
DA:17,0
DA:24,3
DA:25,1
DA:26,1
DA:27,1
DA:28,1
DA:29,0
DA:30,0
DA:35,1
DA:39,0
DA:40,0
DA:47,3
DA:48,0
DA:49,0
DA:50,0
DA:51,0
DA:52,0
DA:57,0
DA:58,0
DA:65,3
DA:66,0
DA:67,0
DA:68,0
DA:70,0
DA:71,0
DA:72,0
DA:73,0
DA:74,0
DA:76,0
DA:77,0
DA:78,0
DA:85,0
DA:91,0
DA:92,0
DA:99,3
DA:100,1
DA:101,1
DA:102,1
DA:104,1
DA:105,1
DA:106,1
DA:107,1
DA:112,1
DA:114,1
DA:115,0
DA:116,0
DA:123,1
DA:129,0
DA:130,0
DA:137,3
DA:138,0
DA:139,0
DA:140,0
DA:141,0
DA:142,0
DA:143,0
DA:149,0
DA:151,0
DA:157,0
DA:162,0
DA:164,0
DA:173,0
DA:179,0
DA:180,0
DA:192,0
LF:71
LH:26
BRDA:28,0,0,0
BRDA:28,0,1,1
BRDA:68,1,0,0
BRDA:68,1,1,0
BRDA:76,2,0,0
BRDA:76,2,1,0
BRDA:102,3,0,1
BRDA:102,3,1,1
BRDA:114,4,0,0
BRDA:114,4,1,1
BRDA:142,5,0,0
BRDA:142,5,1,0
BRDA:192,6,0,0
BRDA:192,6,1,0
BRF:14
BRH:4
end_of_record
TN:
SF:controllers/user.controller.js
FN:6,(anonymous_0)
FN:42,(anonymous_1)
FN:77,(anonymous_2)
FN:89,(anonymous_3)
FN:104,(anonymous_4)
FN:108,(anonymous_5)
FN:116,(anonymous_6)
FN:141,(anonymous_7)
FN:187,oo_cm
FNF:9
FNH:4
FNDA:4,(anonymous_0)
FNDA:3,(anonymous_1)
FNDA:1,(anonymous_2)
FNDA:0,(anonymous_3)
FNDA:0,(anonymous_4)
FNDA:0,(anonymous_5)
FNDA:2,(anonymous_6)
FNDA:0,(anonymous_7)
FNDA:0,oo_cm
DA:6,3
DA:7,4
DA:8,4
DA:9,4
DA:10,4
DA:12,0
DA:15,4
DA:16,4
DA:17,0
DA:22,4
DA:23,4
DA:28,4
DA:37,0
DA:38,0
DA:42,3
DA:43,3
DA:44,3
DA:45,3
DA:47,3
DA:48,1
DA:53,2
DA:56,2
DA:58,2
DA:65,2
DA:66,2
DA:70,0
DA:71,0
DA:77,3
DA:78,1
DA:79,1
DA:84,0
DA:85,0
DA:89,3
DA:90,0
DA:91,0
DA:92,0
DA:93,0
DA:97,0
DA:98,0
DA:104,3
DA:105,0
DA:106,0
DA:107,0
DA:108,0
DA:109,0
DA:111,0
DA:112,0
DA:116,3
DA:117,2
DA:118,2
DA:120,2
DA:122,2
DA:123,0
DA:124,0
DA:129,2
DA:133,0
DA:134,0
DA:141,3
DA:142,0
DA:143,0
DA:144,0
DA:145,0
DA:147,0
DA:153,0
DA:155,0
DA:156,0
DA:159,0
DA:165,0
DA:169,0
DA:170,0
DA:171,0
DA:177,0
DA:178,0
DA:187,0
LF:74
LH:33
BRDA:10,0,0,0
BRDA:10,0,1,4
BRDA:16,1,0,0
BRDA:16,1,1,4
BRDA:47,2,0,1
BRDA:47,2,1,2
BRDA:122,3,0,0
BRDA:122,3,1,2
BRDA:153,4,0,0
BRDA:153,4,1,0
BRDA:187,5,0,0
BRDA:187,5,1,0
BRF:12
BRH:5
end_of_record
TN:
SF:models/Follow.model.js
FNF:0
FNH:0
DA:4,3
DA:31,3
LF:2
LH:2
BRF:0
BRH:0
end_of_record
TN:
SF:models/Post.model.js
FNF:0
FNH:0
DA:4,3
DA:40,3
LF:2
LH:2
BRF:0
BRH:0
end_of_record
TN:
SF:models/User.model.js
FNF:0
FNH:0
DA:4,3
DA:26,3
LF:2
LH:2
BRF:0
BRH:0
end_of_record
TN:
SF:routers/follower.router.js
FNF:0
FNH:0
DA:15,3
DA:18,3
DA:19,3
DA:20,3
DA:21,3
DA:22,3
DA:23,3
DA:26,3
DA:27,3
DA:30,3
DA:31,3
LF:11
LH:11
BRF:0
BRH:0
end_of_record
TN:
SF:routers/post.router.js
FNF:0
FNH:0
DA:12,3
DA:14,3
DA:15,3
DA:16,3
DA:17,3
DA:18,3
DA:21,3
LF:7
LH:7
BRF:0
BRH:0
end_of_record
TN:
SF:routers/user.router.js
FNF:0
FNH:0
DA:13,3
DA:15,3
DA:16,3
DA:17,3
DA:18,3
DA:19,3
DA:20,3
DA:21,3
LF:8
LH:8
BRF:0
BRH:0
end_of_record
TN:
SF:utils/verifyUser.js
FN:3,(anonymous_0)
FN:9,(anonymous_1)
FN:25,oo_cm
FNF:3
FNH:2
FNDA:4,(anonymous_0)
FNDA:4,(anonymous_1)
FNDA:0,oo_cm
DA:3,3
DA:4,4
DA:5,4
DA:6,4
DA:7,0
DA:9,4
DA:10,4
DA:11,0
DA:14,4
DA:16,0
DA:25,0
LF:11
LH:7
BRDA:6,0,0,0
BRDA:6,0,1,4
BRDA:10,1,0,0
BRDA:10,1,1,4
BRDA:25,2,0,0
BRDA:25,2,1,0
BRF:6
BRH:2
end_of_record
